04/18/2022 12:41:11 PM: Takeda LA Teardown of the Future PROJECT Merged Full Specifications (1) | Spec Processing Start
04/18/2022 12:41:18 PM: SECTION 011000 | Not Applicable | Submittals Missing
04/18/2022 12:41:18 PM: SECTION 012100 | Success 
04/18/2022 12:41:18 PM: SECTION 012500 | Success 
04/18/2022 12:41:19 PM: SECTION 013100 | Success 
04/18/2022 12:41:19 PM: SECTION 013300 | Success 
04/18/2022 12:41:19 PM: SECTION 014000 | Success 
04/18/2022 12:41:19 PM: SECTION 014200 | Success 
04/18/2022 12:41:20 PM: SECTION 016000 | Success 
04/18/2022 12:41:20 PM: SECTION 017433 | Not Applicable | Submittals Missing
04/18/2022 12:41:20 PM: SECTION 017700 | Success 
04/18/2022 12:41:20 PM: SECTION 017823 | Success 
04/18/2022 12:41:21 PM: SECTION 017839 | Success 
04/18/2022 12:41:21 PM: SECTION 017863 | Not Applicable | Submittals Missing
04/18/2022 12:41:21 PM: SECTION 024119 | Success 
04/18/2022 12:41:21 PM: SECTION 031000 | Success 
04/18/2022 12:41:21 PM: SECTION 032000 | Success 
04/18/2022 12:41:22 PM: SECTION 033000 | Success 
04/18/2022 12:41:22 PM: SECTION 051200 | Success 
04/18/2022 12:41:22 PM: SECTION 053100 | Success 
04/18/2022 12:41:22 PM: SECTION 054000 | Success 
04/18/2022 12:41:23 PM: SECTION 055000 | Success 
04/18/2022 12:41:23 PM: SECTION 055050 | Success 
04/18/2022 12:41:23 PM: SECTION 055113 | Success 
04/18/2022 12:41:23 PM: SECTION 055213 | Success 
04/18/2022 12:41:23 PM: SECTION 061053 | Not Applicable | Submittals Missing
04/18/2022 12:41:24 PM: SECTION 075113.01 | Success 
04/18/2022 12:41:24 PM: SECTION 076200 | Success 
04/18/2022 12:41:24 PM: SECTION 079200 | Success 
04/18/2022 12:41:24 PM: SECTION 079219 | Success 
04/18/2022 12:41:25 PM: SECTION 079513.13 | Success 
04/18/2022 12:41:25 PM: SECTION 081113 | Success 
04/18/2022 12:41:25 PM: SECTION 081119 | Success 
04/18/2022 12:41:25 PM: SECTION 083113 | Success 
04/18/2022 12:41:26 PM: SECTION 083123 | Success 
04/18/2022 12:41:26 PM: SECTION 083329 | Success 
04/18/2022 12:41:26 PM: SECTION 085119 | Success 
04/18/2022 12:41:26 PM: SECTION 087100 | Success 
04/18/2022 12:41:26 PM: SECTION 087113 | Success 
04/18/2022 12:41:27 PM: SECTION 088000 | Success 
04/18/2022 12:41:27 PM: SECTION 092116.23 | Success 
04/18/2022 12:41:27 PM: SECTION 092216 | Success 
04/18/2022 12:41:27 PM: SECTION 092900 | Success 
04/18/2022 12:41:28 PM: SECTION 095123 | Success 
04/18/2022 12:41:28 PM: SECTION 096513 | Success 
04/18/2022 12:41:28 PM: SECTION 096723 | Success 
04/18/2022 12:41:28 PM: SECTION 099123 | Success 
04/18/2022 12:41:28 PM: SECTION 099600 | Success 
04/18/2022 12:41:29 PM: SECTION 110010 | Success 
04/18/2022 12:41:29 PM: SECTION 144600 | Success 
04/18/2022 12:41:29 PM: SECTION 200553 | Success 
04/18/2022 12:41:29 PM: SECTION 210900 | Success 
04/18/2022 12:41:29 PM: SECTION 220411 | Success 
04/18/2022 12:41:30 PM: SECTION 220420 | Not Applicable | Submittals Missing
04/18/2022 12:41:30 PM: SECTION 220440 | Not Applicable | Submittals Missing
04/18/2022 12:41:30 PM: SECTION 230010 | Success 
04/18/2022 12:41:30 PM: SECTION 230050 | Not Applicable | Submittals Missing
04/18/2022 12:41:31 PM: SECTION 230125 | Success 
04/18/2022 12:41:31 PM: SECTION 230140 | Success 
04/18/2022 12:41:31 PM: SECTION 230241 | Success 
04/18/2022 12:41:31 PM: SECTION 230250 | Not Applicable | Submittals Missing
04/18/2022 12:41:31 PM: SECTION 230275 | Success 
04/18/2022 12:41:32 PM: SECTION 230480 | Success 
04/18/2022 12:41:32 PM: SECTION 230500 | Success 
04/18/2022 12:41:32 PM: SECTION 230510 | Success 
04/18/2022 12:41:32 PM: SECTION 230520 | Success 
04/18/2022 12:41:32 PM: SECTION 230526 | Not Applicable | Submittals Missing
04/18/2022 12:41:33 PM: SECTION 230540 | Success 
04/18/2022 12:41:33 PM: SECTION 230755 | Success 
04/18/2022 12:41:33 PM: SECTION 230830 | Not Applicable | Submittals Missing
04/18/2022 12:41:33 PM: SECTION 230855 | Success 
04/18/2022 12:41:34 PM: SECTION 230860 | Not Applicable | Submittals Missing
04/18/2022 12:41:34 PM: SECTION 230891 | Success 
04/18/2022 12:41:34 PM: SECTION 230910 | Success 
04/18/2022 12:41:34 PM: SECTION 230932 | Success 
04/18/2022 12:41:35 PM: SECTION 230970 | Success 
04/18/2022 12:41:35 PM: SECTION 230971 | Success 
04/18/2022 12:41:35 PM: SECTION 230972 | Success 
04/18/2022 12:41:35 PM: SECTION 230990 | Success 
04/18/2022 12:41:35 PM: SECTION 260500 | Success 
04/18/2022 12:41:36 PM: SECTION 260505 | Not Applicable | Submittals Missing
04/18/2022 12:41:36 PM: SECTION 260519 | Success 
04/18/2022 12:41:36 PM: SECTION 260526 | Success 
04/18/2022 12:41:36 PM: SECTION 260533 | Success 
04/18/2022 12:41:36 PM: SECTION 260534 | Success 
04/18/2022 12:41:37 PM: SECTION 260548 | Success 
04/18/2022 12:41:37 PM: SECTION 260573 | Success 
04/18/2022 12:41:37 PM: SECTION 260923 | Success 
04/18/2022 12:41:37 PM: SECTION 262200 | Success 
04/18/2022 12:41:38 PM: SECTION 262416 | Success 
04/18/2022 12:41:38 PM: SECTION 262419 | Success 
04/18/2022 12:41:38 PM: SECTION 262726 | Success 
04/18/2022 12:41:38 PM: SECTION 262816 | Success 
04/18/2022 12:41:38 PM: SECTION 262923 | Success 
04/18/2022 12:41:39 PM: SECTION 265113 | Success 
04/18/2022 12:41:39 PM: SECTION 312302 | Success 
04/18/2022 12:41:39 PM: SECTION 312500 | Success 
04/18/2022 12:41:39 PM: SECTION 321700 | Success 
04/18/2022 12:41:40 PM: SECTION 333020 | Success 
04/18/2022 12:41:40 PM: SECTION 409010 | Success 
04/18/2022 12:41:40 PM: SECTION 409021 | Success 
04/18/2022 12:41:40 PM: SECTION 409040 | Not Applicable | Submittals Missing
04/18/2022 12:41:40 PM: SECTION 409050 | Not Applicable | Submittals Missing
04/18/2022 12:41:41 PM: SECTION 409100 | Not Applicable | Submittals Missing
04/18/2022 12:41:41 PM: SECTION 409150 | Not Applicable | Submittals Missing
04/18/2022 12:41:41 PM: SECTION 409175 | Not Applicable | Submittals Missing
04/18/2022 12:41:41 PM: SECTION 409200 | Not Applicable | Submittals Missing
04/18/2022 12:41:42 PM: SECTION 409300 | Not Applicable | Submittals Missing
04/18/2022 12:41:42 PM: SECTION 409350 | Success 
04/18/2022 12:41:42 PM: SECTION 424113 | Success 
04/18/2022 12:41:42 PM: SECTION 426013 | Success 
04/18/2022 12:41:42 PM: SECTION 432216 | Not Applicable | Submittals Missing
04/18/2022 12:41:42 PM: SECTION 433113 | Failed | Part Validation Failed
04/18/2022 12:41:43 PM: SECTION 434113 | Success 
04/18/2022 12:41:43 PM: SECTION 458050 | Success 
